20190527161923-e0e7cc5a ref  phương   là  ai  vậy
20190527161923-e0e7cc5a hyp  phương  ***  lã  vậy
20190527161923-e0e7cc5a >>>  phương  ***  lã  vậy
20190527161923-e0e7cc5a op      C     D    S   C
20190527161932-16758eab ref  hoàng  phương   là  ai  vậy
20190527161932-16758eab hyp  hoàng  phương  ***  lá  vậy
20190527161932-16758eab >>>  hoàng  phương  ***  lá  vậy
20190527161932-16758eab op     C       C     D    S   C
20190527170957-afd048fe ref   tân  bình  ở  đâu
20190527170957-afd048fe hyp  thái  bình  ở  đâu
20190527170957-afd048fe >>>  thái  bình  ở  đâu
20190527170957-afd048fe op     S     C   C   C
20190527172859-67409618 ref  phong  số  một
20190527172859-67409618 hyp  phòng  số  một
20190527172859-67409618 >>>  phòng  số  một
20190527172859-67409618 op     S     C   C
20190527184234-fd73bdbc ref  một  tháng   âm  lịch  bằng  bao  nhiêu  ngày
20190527184234-fd73bdbc hyp  một  tháng  năm   là   bằng  bao  nhiêu  nghề
20190527184234-fd73bdbc >>>  một  tháng  năm  là  bằng  bao  nhiêu	e205488
20190527184234-fd73bdbc op    C     C     S     S     C    C     C      S
20190527220255-eefef85f ref  hiv  và  virus  là  gì
20190527220255-eefef85f hyp  hiv  về  virus  là  gì
20190527220255-eefef85f >>>  hiv  về  virus  là  gì
20190527220255-eefef85f op    C    S    C     C   C
20190527220306-92313fec ref  nguyễn  tử  quảng  có  cha  là  ai
20190527220306-92313fec hyp  nguyễn  tử  khoải  có  cha  là  ai
20190527220306-92313fec >>>  nguyễn  tử	e1321
20190527220306-92313fec op      C     C    S     C   C    C   C
20190527231636-6bc71934 ref  thời  tiết  ở  nam  cực  như  thế  nào
20190527231636-6bc71934 hyp  thời  tiết  ở  nam  cực  ***  thế  nào
20190527231636-6bc71934 >>>  thời  tiết  ở  nam  cực  ***  thế  nào
20190527231636-6bc71934 op     C     C   C   C    C    D    C    C
20190527231700-8d82e47b ref  thời  tiết  ở  nga  như  thế  nào
20190527231700-8d82e47b hyp  thời  tiết  ở  nga   my  thế  nào
20190527231700-8d82e47b >>>  thời  tiết  ở  nga  my  thế  nào
20190527231700-8d82e47b op     C     C   C   C    S    C    C
20190527231747-07854492 ref  thời  tiết  ở  toronto    như    thế  nào
20190527231747-07854492 hyp  thời  tiết  ở    ***    tolstoi  thế  nào
20190527231747-07854492 >>>  thời  tiết  ở    ***    tolstoi  thế  nào
20190527231747-07854492 op     C     C   C     D        S      C    C
20190527231812-57d7238f ref  thời  tiết  ở  new  york  như  thế  nào
20190527231812-57d7238f hyp  thời  tiết  ở  new  york  ***  thế  nào
20190527231812-57d7238f >>>  thời  tiết  ở  new  york  ***  thế  nào
20190527231812-57d7238f op     C     C   C   C     C    D    C    C
20190527231835-a762f77d ref  thời  tiết  ở  tokyo  như  thế  nào
20190527231835-a762f77d hyp  thời  tiết  ở  tokyo  ***  thế  nào
20190527231835-a762f77d >>>  thời  tiết  ở  tokyo  ***  thế  nào
20190527231835-a762f77d op     C     C   C    C     D    C    C
20190527232434-d3daa75f ref  thời  tiết  ở  new  york  như  thế  nào
20190527232434-d3daa75f hyp  thời  tiết  ở  new  york  ***  thế  nào
20190527232434-d3daa75f >>>  thời  tiết  ở  new  york  ***  thế  nào
20190527232434-d3daa75f op     C     C   C   C     C    D    C    C
20190527232829-966b826d ref  thời  tiết  ở  new  york  như  thế  nào
20190527232829-966b826d hyp  thời  tiết  ở  new  york  ***  thế  nào
20190527232829-966b826d >>>  thời  tiết  ở  new  york  ***  thế  nào
20190527232829-966b826d op     C     C   C   C     C    D    C    C
20190527232951-dddaa2cc ref  thời  tiết  ở  new  york  như  thế  nào
20190527232951-dddaa2cc hyp  thời  tiết  ở  new  york  ***  thế  nào
20190527232951-dddaa2cc >>>  thời  tiết  ở  new  york  ***  thế  nào
20190527232951-dddaa2cc op     C     C   C   C     C    D    C    C
20190527233520-4ed99cac ref  thời  tiết  ở  new  york  như  thế  nào
20190527233520-4ed99cac hyp  thời  tiết  ở  new  york  ***  thế  nào
20190527233520-4ed99cac >>>  thời  tiết  ở  new  york  ***  thế  nào
20190527233520-4ed99cac op     C     C   C   C     C    D    C    C
20190528093525-714b24e9 ref  mở  bài  hát  chi  chi  chành  chành
20190528093525-714b24e9 hyp  mở  bài  hát   gì  chi   trần   trần
20190528093525-714b24e9 >>>  mở  bài  hát  gì	e135492
20190528093525-714b24e9 op    C   C    C    S    C     S      S
20190528093530-06cd9e9c ref  mở  bài  hát  chi  chi  chành  chành
20190528093530-06cd9e9c hyp  mở  bài  hát   gì  chi  chành   trần
20190528093530-06cd9e9c >>>  mở  bài  hát  gì	e135492
20190528093530-06cd9e9c op    C   C    C    S    C     C      S
20190528093547-d1a95055 ref  mở  bài  hát  chú  ếch  con  của  xuân  mai
20190528093547-d1a95055 hyp  mở  bài  hát  chú   s   con  của  xuân  mai
20190528093547-d1a95055 >>>  mở  bài  hát  chú  s  con  của  xuân  mai
20190528093547-d1a95055 op    C   C    C    C    S    C    C     C    C
20190528093554-19561356 ref  mở  bài  hát  mẹ  yêu  không  nào
20190528093554-19561356 hyp  mở  bài  hát  mẹ  yêu  không  lào
20190528093554-19561356 >>>  mở  bài  hát  mẹ  yêu  không	e181229
20190528093554-19561356 op    C   C    C    C   C     C     S
20190528093559-c595b383 ref  mở  bài  hát  chú  ếch  con  của  xuân  mai
20190528093559-c595b383 hyp  mở  bài  hát   dù   x   con  của  xuân  mai
20190528093559-c595b383 >>>  mở  bài  hát  dù  x  con  của  xuân  mai
20190528093559-c595b383 op    C   C    C    S    S    C    C     C    C
20190528093732-e6c29f9d ref  mở  bài  chú  ếch  con  của  cao  lê  hà  trang
20190528093732-e6c29f9d hyp  mở  bài  chú  vịt  con  của  cao  lê  hà  trang
20190528093732-e6c29f9d >>>  mở  bài  chú  vịt  con  của  cao	e4091
20190528093732-e6c29f9d op    C   C    C    S    C    C    C    C   C    C
20190528093756-0a00921a ref  nghe  bài  đừng  yêu  người  khác   như  anh
20190528093756-0a00921a hyp  nghe  bài  đừng  yêu  người  khác  giữa  anh
20190528093756-0a00921a >>>  nghe  bài  đừng  yêu  người  khác  giữa  anh
20190528093756-0a00921a op     C    C     C    C     C      C     S    C
20190528094007-64f18fb2 ref  đúng  rồi  mở  album  mãi  còn  xuân
20190528094007-64f18fb2 hyp   ***  ***  mở  album  mãi  còn  xuân
20190528094007-64f18fb2 >>>  ***  ***  mở  album  mãi  còn  xuân
20190528094007-64f18fb2 op     D    D    C    C     C    C     C
20190528094014-c3d53383 ref  mở  album  mãi  còn  xuân  của  trang  nhung
20190528094014-c3d53383 hyp  mở  album  mãi  con  xuân  của  trang  nhung
20190528094014-c3d53383 >>>  mở  album  mãi  con  xuân  của  trang  nhung
20190528094014-c3d53383 op    C    C     C    S     C    C     C      C
20190528094207-1800e8b3 ref  mở  album  hát  với  chú   ve  con
20190528094207-1800e8b3 hyp  mở  album  hát   về  chú  vịt  con
20190528094207-1800e8b3 >>>  mở  album  hát  về  chú  vịt  con
20190528094207-1800e8b3 op    C    C     C    S    C    S    C
20190528094213-484925df ref  mở  album  hát  với  chú  ve  con
20190528094213-484925df hyp  mở  album  hát  vơi  chu  về  con
20190528094213-484925df >>>  mở  album  hát	e3580
20190528094213-484925df op    C    C     C    S    S    S   C
20190528094219-8cebef4e ref  mở  album  hát    với   chú  vê  ve  con
20190528094219-8cebef4e hyp  mở  album  ***  huawei  chú  về  về  con
20190528094219-8cebef4e >>>  mở  album  ***  huawei  chú  về  về  con
20190528094219-8cebef4e op    C    C     D      S     C    S   S   C
20190528094328-d17946ed ref  mở  album  hát    với    chú   ve  con
20190528094328-d17946ed hyp  mở  album  ***  harper  chúa  gọi  con
20190528094328-d17946ed >>>  mở  album  ***  harper  chúa  gọi  con
20190528094328-d17946ed op    C    C     D      S      S    S    C
20190528094336-1037af0c ref  mở  album  hát  với    chú     ve   con 
20190528094336-1037af0c hyp  mở  album  hát  với  youtube  con  không
20190528094336-1037af0c >>>  mở  album  hát  với  youtube  con  không
20190528094336-1037af0c op    C    C     C    C      S      S     S
20190528094421-e7045c6b ref  mở  con   cò  kim  ngọc
20190528094421-e7045c6b hyp  mở   cò  của  kim  ngọc
20190528094421-e7045c6b >>>  mở  cò  của  kim  ngọc
20190528094421-e7045c6b op    C   S    S    C     C
20190528140440-6d533875 ref  một  tháng  có  mấy  ngày
20190528140440-6d533875 hyp  một  tháng  có  mấy   lệ 
20190528140440-6d533875 >>>  một  tháng  có  mấy	e100354
20190528140440-6d533875 op    C     C     C   C     S
20190528145106-9ca25d1f ref  số  chín  mươi  hai
20190528145106-9ca25d1f hyp  số  chín   ***  hai
20190528145106-9ca25d1f >>>  số  chín   ***  hai
20190528145106-9ca25d1f op    C    C     D    C
20190528145140-9b717344 ref  xổ  số  cà  mau  ***  ***
20190528145140-9b717344 hyp  xổ  số  cà  mau  hôm  qua
20190528145140-9b717344 >>>  xổ  số  cà  mau  hôm  qua
20190528145140-9b717344 op    C   C   C   C    I    I
20190528145326-fc57abcd ref  chín  bảy  không  tám   hai
20190528145326-fc57abcd hyp  chín  bảy  không  tám  khai
20190528145326-fc57abcd >>>  chín  bảy  không  tám  khai
20190528145326-fc57abcd op     C    C     C     C     S
20190528172720-661ca1ad ref  hôm  nay  là  ngày  mấy
20190528172720-661ca1ad hyp  hôm  nay  là  nghề  máy
20190528172720-661ca1ad >>>  hôm  nay  là  nghề  máy
20190528172720-661ca1ad op    C    C    C    S    S
20190528173036-c43d636b ref  hôm  nay  ***  ngày  mấy
20190528173036-c43d636b hyp  hôm  nay   là  nghề  máy
20190528173036-c43d636b >>>  hôm  nay  là  nghề  máy
20190528173036-c43d636b op    C    C    I     S    S
20190528173102-f462c483 ref  hôm  nay  là   ***  ***  ngày   mấy 
20190528173102-f462c483 hyp  hôm  nay  là  nghề  máy  nắng  không
20190528173102-f462c483 >>>  hôm  nay  là  nghề  máy  nắng  không
20190528173102-f462c483 op    C    C    C    I    I     S     S
20190528173257-79439559 ref  bây  giờ   là  mấy  giờ
20190528173257-79439559 hyp  bây  giờ  ***  mấy  giờ
20190528173257-79439559 >>>  bây  giờ  ***  mấy  giờ
20190528173257-79439559 op    C    C    D    C    C
20190528173311-131bcdc8 ref  bây  giờ  là  mấy  giờ   ***   ***   ***   ***
20190528173311-131bcdc8 hyp  bây  giờ  là  mấy  giờ  tháng  mấy  tháng  năm
20190528173311-131bcdc8 >>>  bây  giờ  là  mấy  giờ  tháng  mấy  tháng  năm
20190528173311-131bcdc8 op    C    C    C   C    C     I     I     I     I
20190528173341-7b88f9ae ref  một  cộng  một  bằng  mấy
20190528173341-7b88f9ae hyp  một  cộng  một  bằng  máy
20190528173341-7b88f9ae >>>  một  cộng  một  bằng  máy
20190528173341-7b88f9ae op    C     C    C     C    S
20190528173922-035e4b02 ref  hôm  nay  ***  ngày  mấy
20190528173922-035e4b02 hyp  hôm  nay   là  nghề  máy
20190528173922-035e4b02 >>>  hôm  nay  là  nghề  máy
20190528173922-035e4b02 op    C    C    I     S    S
20190528173945-8ac3de83 ref  hôm  nay  là  ngày  mấy
20190528173945-8ac3de83 hyp  hôm  nay  là  nghề  máy
20190528173945-8ac3de83 >>>  hôm  nay  là  nghề  máy
20190528173945-8ac3de83 op    C    C    C    S    S
20190528174115-9af19b97 ref  hôm  nay  ***  ngày  mấy
20190528174115-9af19b97 hyp  hôm  nay   là  ngày  mấy
20190528174115-9af19b97 >>>  hôm  nay  là  ngày  mấy
20190528174115-9af19b97 op    C    C    I     C    C
20190528174441-2bac001d ref  hôm  nay  ***  thứ  mấy
20190528174441-2bac001d hyp  hôm  nay   là  thứ  mấy
20190528174441-2bac001d >>>  hôm  nay  là  thứ  mấy
20190528174441-2bac001d op    C    C    I    C    C
20190528174555-e8024e06 ref  hai  cộng  hai   ***  ***
20190528174555-e8024e06 hyp  hai  cộng  hai  cộng   ba
20190528174555-e8024e06 >>>  hai  cộng  hai  cộng  ba
20190528174555-e8024e06 op    C     C    C     I    I
20190528174611-1f8f127d ref   ***  năm  cộng  sáu
20190528174611-1f8f127d hyp  jong  nam  cộng  sáu
20190528174611-1f8f127d >>>  jong  nam  cộng  sáu
20190528174611-1f8f127d op     I    S     C    C
20190528174810-85abf43e ref  ***  nguyễn  tấn  dũng
20190528174810-85abf43e hyp  chỗ  nguyễn  tấn  dũng
20190528174810-85abf43e >>>  chỗ  nguyễn  tấn  dũng
20190528174810-85abf43e op    I      C     C     C
20190528175021-92b18aed ref   đọc  tiếng  anh
20190528175021-92b18aed hyp  đồng  tiếng  anh
20190528175021-92b18aed >>>  đồng  tiếng  anh
20190528175021-92b18aed op     S     C     C
20190528175059-331fd1ac ref   bạn  là  ai
20190528175059-331fd1ac hyp  bảng  là  ai
20190528175059-331fd1ac >>>  bảng  là  ai
20190528175059-331fd1ac op     S    C   C
20190528175130-1cc7589b ref  nguyễn  tuấn  dũng  là  ai
20190528175130-1cc7589b hyp  nguyễn   tấn  dũng  là  ai
20190528175130-1cc7589b >>>  nguyễn  tấn  dũng  là  ai
20190528175130-1cc7589b op      C      S     C    C   C
20190528175403-49274cb6 ref   bạn  là  ai
20190528175403-49274cb6 hyp  bảng  là  ai
20190528175403-49274cb6 >>>  bảng  là  ai
20190528175403-49274cb6 op     S    C   C
20190528175633-34eade0e ref  một  cộng  một  bằng  mấy
20190528175633-34eade0e hyp  một  cộng  một  bằng  máy
20190528175633-34eade0e >>>  một  cộng  một  bằng  máy
20190528175633-34eade0e op    C     C    C     C    S
20190528175646-6680f2d4 ref  một  cộng  hai  bằng  mấy
20190528175646-6680f2d4 hyp  một  cộng  hai  bằng  máy
20190528175646-6680f2d4 >>>  một  cộng  hai  bằng  máy
20190528175646-6680f2d4 op    C     C    C     C    S
20190528175711-0d4e0b15 ref  một  cộng  hai  bằng  mấy
20190528175711-0d4e0b15 hyp  một  cộng  hai  bằng  máy
20190528175711-0d4e0b15 >>>  một  cộng  hai  bằng  máy
20190528175711-0d4e0b15 op    C     C    C     C    S
20190528180835-5c8900f7 ref  thông  tin  này  đã  thông  tin  nào
20190528180835-5c8900f7 hyp  thông  tin  này  nó  thông  tin  nào
20190528180835-5c8900f7 >>>  thông  tin  này  nó  thông  tin  nào
20190528180835-5c8900f7 op     C     C    C    S    C     C    C
20190528180942-540c47fd ref  đề  hôm  nay  về  mấy
20190528180942-540c47fd hyp  đề  hôm  nay  về  máy
20190528180942-540c47fd >>>  đề  hôm  nay  về  máy
20190528180942-540c47fd op    C   C    C    C   S
20190528181833-6b1afb50 ref  nay  là  ngày  mấy
20190528181833-6b1afb50 hyp  ***  là  ngày  mấy
20190528181833-6b1afb50 >>>  ***  là  ngày  mấy
20190528181833-6b1afb50 op    D    C    C    C
20190528181847-393c3072 ref  hôm  nay  là  ngày  mấy
20190528181847-393c3072 hyp  hôm  nay  là  nghề  máy
20190528181847-393c3072 >>>  hôm  nay  là  nghề  máy
20190528181847-393c3072 op    C    C    C    S    S
20190528182058-98929ddd ref  ***  bạn  nhà  ở  đâu
20190528182058-98929ddd hyp  bảo  anh  nhà  ở  đâu
20190528182058-98929ddd >>>  bảo  anh  nhà  ở  đâu
20190528182058-98929ddd op    I    S    C   C   C
20190528190023-825646c5 ref  bạn  tên  gì
20190528190023-825646c5 hyp  bản  tên  gì
20190528190023-825646c5 >>>  bản  tên  gì
20190528190023-825646c5 op    S    C    C
20190528203136-cc5bfe12 ref  mở  bài  em  gái  mưa   *** 
20190528203136-cc5bfe12 hyp  mở  bài  em  cai  mưa  không
20190528203136-cc5bfe12 >>>  mở  bài  em	e3668
20190528203136-cc5bfe12 op    C   C    C   S    C     I
20190529090242-1b8d3833 ref   ***  tin  tức
20190529090242-1b8d3833 hyp  phát  tin  tức
20190529090242-1b8d3833 >>>  phát  tin  tức
20190529090242-1b8d3833 op     I    C    C
20190529093021-81d6e2ae ref  thời  tiết  thành  phố  hồ  chí  minh
20190529093021-81d6e2ae hyp  thời  tiết   ***    ở   hồ  chí  minh
20190529093021-81d6e2ae >>>  thời  tiết   ***    ở   hồ  chí  minh
20190529093021-81d6e2ae op     C     C     D     S    C   C     C
20190529095624-094cb915 ref   bạn  tên  gì
20190529095624-094cb915 hyp  đăng  tên  gì
20190529095624-094cb915 >>>  đăng  tên  gì
20190529095624-094cb915 op     S    C    C
20190529101556-36982592 ref  đặt  báo  thức  qua  ba  giờ  nữa
20190529101556-36982592 hyp  đặt  báo  thức  vào  ba  giờ  nữa
20190529101556-36982592 >>>  đặt  báo  thức  vào  ba  giờ  nữa
20190529101556-36982592 op    C    C     C    S    C   C    C
20190529101623-ad16a47b ref   tắt  báo  thức
20190529101623-ad16a47b hyp  phát  báo  thức
20190529101623-ad16a47b >>>  phát  báo  thức
20190529101623-ad16a47b op     S    C     C
20190529101657-1e77aeb3 ref   tắt  báo  thức
20190529101657-1e77aeb3 hyp  tách  mẫu  thân
20190529101657-1e77aeb3 >>>  tách  mẫu  thân
20190529101657-1e77aeb3 op     S    S     S
20190529102601-3dc4969d ref  phương  khanh  duy
20190529102601-3dc4969d hyp  phương  khánh  duy
20190529102601-3dc4969d >>>  phương  khánh  duy
20190529102601-3dc4969d op      C      S     C
20190529104609-88d9ffe4 ref  ngày  hai  lăm  tháng  bảy  là  thứ  mấy
20190529104609-88d9ffe4 hyp  ngày  hai  năm  tháng   ba  là  thứ  mấy
20190529104609-88d9ffe4 >>>  ngày  hai  năm  tháng  ba  là  thứ  mấy
20190529104609-88d9ffe4 op     C    C    S     C     S    C   C    C
20190529104638-596c9af8 ref  gọi  ***  online  mà
20190529104638-596c9af8 hyp  gọi  anh    lai   mà
20190529104638-596c9af8 >>>  gọi  anh	e13557
20190529104638-596c9af8 op    C    I      S     C
20190529112318-1039db1e ref  khó   khăn  thứ  nhất
20190529112318-1039db1e hyp  ***  khánh  thứ  nhất
20190529112318-1039db1e >>>  ***  khánh  thứ  nhất
20190529112318-1039db1e op    D     S     C     C
20190529112549-1d77d09c ref  nhắn  tin  lại  nhắn  tin
20190529112549-1d77d09c hyp  nhắn  tin  ***  nhắn  tin
20190529112549-1d77d09c >>>  nhắn  tin  ***  nhắn  tin
20190529112549-1d77d09c op     C    C    D     C    C
20190529112859-95b80f2e ref   ***  ***   ***  ***  nhắn  tin
20190529112859-95b80f2e hyp  ngày  kia  được  mắm  nhắn  tin
20190529112859-95b80f2e >>>  ngày  kia  được  mắm  nhắn  tin
20190529112859-95b80f2e op     I    I     I    I     C    C
20190529112926-f2facb54 ref  khanh  thứ  nhất
20190529112926-f2facb54 hyp  khánh  thứ  nhất
20190529112926-f2facb54 >>>  khánh  thứ  nhất
20190529112926-f2facb54 op     S     C     C
20190529112941-8453ba51 ref   vy  khanh  đẹp  quá
20190529112941-8453ba51 hyp  chị  khanh  đẹp  quá
20190529112941-8453ba51 >>>  chị  khanh	e1253
20190529112941-8453ba51 op    S     C     C    C
20190529113921-98bcb4d4 ref  đặt  báo  thức  ba  năm  bảy
20190529113921-98bcb4d4 hyp  đặt  báo  thức  ba  lên  bảy
20190529113921-98bcb4d4 >>>  đặt  báo  thức  ba	e1534
20190529113921-98bcb4d4 op    C    C     C    C   S    C
20190529113944-1d6a2e91 ref  ngày  đi  làm  với  lại  ngày  không  đi  làm   *** 
20190529113944-1d6a2e91 hyp  ngày  đi  làm  với  lại  nghề  không  đi  làm  không
20190529113944-1d6a2e91 >>>  ngày  đi  làm  với  lại  nghề  không  đi  làm  không
20190529113944-1d6a2e91 op     C    C   C    C    C     S     C     C   C     I
20190529114621-d753b25e ref  nhắn  tin  cho  phương  la  ***  ***  bàn
20190529114621-d753b25e hyp  nhắn  tin  cho  phương  la   mẹ  mấy  giờ
20190529114621-d753b25e >>>  nhắn  tin  cho  phương  la  mẹ  mấy  giờ
20190529114621-d753b25e op     C    C    C      C     C   I    I    S
20190529142912-b63c3879 ref  anh   ấy  sinh  ngày  nào
20190529142912-b63c3879 hyp  anh  tài  sinh  ngày  nào
20190529142912-b63c3879 >>>  anh  tài  sinh  ngày  nào
20190529142912-b63c3879 op    C    S     C     C    C
20190529143248-4cbf47d8 ref  mở  bài  mặt  trời  bé  con
20190529143248-4cbf47d8 hyp  mở  bài  mặt  trời  mẹ  con
20190529143248-4cbf47d8 >>>  mở  bài  mặt  trời	e2255
20190529143248-4cbf47d8 op    C   C    C     C    S   C
20190529143451-0e8bb8ee ref  ***  anh  bài  gì
20190529143451-0e8bb8ee hyp   ai  hát  bài  gì
20190529143451-0e8bb8ee >>>  ai  hát  bài  gì
20190529143451-0e8bb8ee op    I    S    C    C
20190529143457-d40d06f8 ref  đang  hát  bài   gì
20190529143457-d40d06f8 hyp  đang  hát  bài  ***
20190529143457-d40d06f8 >>>  đang  hát  bài  ***
20190529143457-d40d06f8 op     C    C    C    D
20190529143655-88e1c514 ref  đang  hát  bài  gì
20190529143655-88e1c514 hyp   đại  hát  bài  gì
20190529143655-88e1c514 >>>  đại  hát  bài  gì
20190529143655-88e1c514 op     S    C    C    C
20190529150910-eadb3e32 ref  mở  bài  duyên  mình  lỡ
20190529150910-eadb3e32 hyp  mở  bài   ***    ***  gì
20190529150910-eadb3e32 >>>  mở  bài   ***    ***  gì
20190529150910-eadb3e32 op    C   C     D      D    S
20190529150954-c9507d9b ref  đang  mở  bài  gì
20190529150954-c9507d9b hyp   nam  mở  bài  gì
20190529150954-c9507d9b >>>  nam  mở  bài  gì
20190529150954-c9507d9b op     S    C   C    C
20190529151210-b22267bd ref  ***  báo  thức
20190529151210-b22267bd hyp  hẹn  báo  thức
20190529151210-b22267bd >>>  hẹn  báo  thức
20190529151210-b22267bd op    I    C     C
20190529171633-97ddc457 ref  báo  thức  lúc  chín  giờ  rưỡi
20190529171633-97ddc457 hyp  báo  thức  lúc  chín  ***  rưỡi
20190529171633-97ddc457 >>>  báo  thức  lúc  chín  ***  rưỡi
20190529171633-97ddc457 op    C     C    C     C    D     C
20190529171641-7352648f ref  báo  thức  lúc  chín  giờ  rưỡi
20190529171641-7352648f hyp  báo  thức  lúc  chín  ***  rưỡi
20190529171641-7352648f >>>  báo  thức  lúc  chín  ***  rưỡi
20190529171641-7352648f op    C     C    C     C    D     C
20190529171743-feed007b ref  lúc  chín  giờ  rưỡi
20190529171743-feed007b hyp  lúc  chín  ***  rưỡi
20190529171743-feed007b >>>  lúc  chín  ***  rưỡi
20190529171743-feed007b op    C     C    D     C
20190529171755-8dd4f513 ref  ***  thức  lúc  chín  giờ  rưỡi
20190529171755-8dd4f513 hyp  thứ   tư   lúc  chín  ***  rưỡi
20190529171755-8dd4f513 >>>  thứ   tư   lúc  chín  ***  rưỡi
20190529171755-8dd4f513 op    I     S    C     C    D     C
20190529171829-987d7445 ref  ***  báo  thức
20190529171829-987d7445 hyp  hẹn  báo  thức
20190529171829-987d7445 >>>  hẹn  báo  thức
20190529171829-987d7445 op    I    C     C
20190529173223-28bd56e2 ref  báo  thức  tôi  một  phút  sau
20190529173223-28bd56e2 hyp  báo  thức  tôi  một  phút  sao
20190529173223-28bd56e2 >>>  báo  thức  tôi	e1742
20190529173223-28bd56e2 op    C     C    C    C     C    S
20190529173229-e989a4d2 ref  báo  thức  tôi  một  phút  sau
20190529173229-e989a4d2 hyp  báo  thức  tôi  một  phút  sao
20190529173229-e989a4d2 >>>  báo  thức  tôi	e1742
20190529173229-e989a4d2 op    C     C    C    C     C    S
20190529173309-3b538be7 ref  báo  thức  tôi  một  phút  sau
20190529173309-3b538be7 hyp  báo  thức  tôi  một  phút  sao
20190529173309-3b538be7 >>>  báo  thức  tôi	e1742
20190529173309-3b538be7 op    C     C    C    C     C    S
20190529173315-b62f5d66 ref  báo  thức  tôi  một  phút  sau
20190529173315-b62f5d66 hyp  báo  thức  tôi  một  phút  sao
20190529173315-b62f5d66 >>>  báo  thức  tôi	e1742
20190529173315-b62f5d66 op    C     C    C    C     C    S
20190529174050-e2440f8f ref  ai  là  tác  giả  của  nhật  kí  trong  tù
20190529174050-e2440f8f hyp  ai  là  tác  giả  của  nhật  ký  trong  tù
20190529174050-e2440f8f >>>  ai  là  tác  giả  của  nhật  ký  trong  tù
20190529174050-e2440f8f op    C   C   C    C    C     C    S    C     C
20190529174115-730081d5 ref  tác  giả  nhật  kí  trong  tù  là  ai
20190529174115-730081d5 hyp  tác  giả  nhật  ký  trong  tù  là  ai
20190529174115-730081d5 >>>  tác  giả  nhật  ký  trong  tù  là  ai
20190529174115-730081d5 op    C    C     C    S    C     C   C   C
20190529174121-1aa70699 ref  tác  giả  nhật  kí  trong  tù  là  ai
20190529174121-1aa70699 hyp  tác  giả  nhật  ký  trong  tù  là  ai
20190529174121-1aa70699 >>>  tác  giả  nhật  ký  trong  tù  là  ai
20190529174121-1aa70699 op    C    C     C    S    C     C   C   C
20190529174134-108e58f4 ref  tác  giả  nhật  kí  trong  tù
20190529174134-108e58f4 hyp  tác  giả  nhật  ký  trong  tù
20190529174134-108e58f4 >>>  tác  giả  nhật  ký  trong  tù
20190529174134-108e58f4 op    C    C     C    S    C     C
20190529174239-f18cd526 ref  bạn  giúp  gì  được  tôi
20190529174239-f18cd526 hyp  bạn  giúp  vì  được  tôi
20190529174239-f18cd526 >>>  bạn  giúp  vì  được  tôi
20190529174239-f18cd526 op    C     C    S    C    C
20190529174254-631cd29e ref  bạn  giúp  gì  được  tôi
20190529174254-631cd29e hyp  bạn  giúp  vì  được  tôi
20190529174254-631cd29e >>>  bạn  giúp  vì  được  tôi
20190529174254-631cd29e op    C     C    S    C    C
20190529174340-1432c7da ref  tôi  có  quen  bạn  không
20190529174340-1432c7da hyp  tôi  có  quen  bão  không
20190529174340-1432c7da >>>  tôi  có  quen  bão  không
20190529174340-1432c7da op    C    C    C    S     C
20190529174421-90e37d3d ref  tác  giả  nhật  ký  trong  tù  là  ai  nhỉ
20190529174421-90e37d3d hyp  tác  giả  nhật  ký  trong  tù  là  ai  ***
20190529174421-90e37d3d >>>  tác  giả  nhật  ký  trong  tù  là  ai  ***
20190529174421-90e37d3d op    C    C     C    C    C     C   C   C   D
20190529174434-6226a190 ref  ai  viết  nhật  kí  trong  tù
20190529174434-6226a190 hyp  ai  viết  nhật  ký  trong  tù
20190529174434-6226a190 >>>  ai  viết  nhật  ký  trong  tù
20190529174434-6226a190 op    C    C     C    S    C     C
20190529174443-8e42dae8 ref  người  viết  nhật  kí  trong  tù
20190529174443-8e42dae8 hyp  người  viết  nhật  ký  trong  tù
20190529174443-8e42dae8 >>>  người  viết  nhật  ký  trong  tù
20190529174443-8e42dae8 op     C      C     C    S    C     C
20190529174454-df928177 ref  người  viết  nhật  kí  trong  tù  bao  nhiêu  tuổi
20190529174454-df928177 hyp  người  viết  nhật  ký  trong  tù  bao  nhiêu  tuổi
20190529174454-df928177 >>>  người  viết  nhật  ký  trong  tù  bao  nhiêu  tuổi
20190529174454-df928177 op     C      C     C    S    C     C   C     C      C
20190529174804-5b0fd256 ref  giờ  là  mấy  giờ  ở  nhật  ***   ***   ***
20190529174804-5b0fd256 hyp  sam  là  mấy  giờ  ở  nhật  bản  tonic  lên
20190529174804-5b0fd256 >>>  sam  là  mấy  giờ  ở  nhật  bản	e2837
20190529174804-5b0fd256 op    S    C   C    C   C    C    I     I     I
20190529175050-98808121 ref  em  không  biết   là   nó  gửi  cái  gì
20190529175050-98808121 hyp  em  không  biết  ***  ***  ***  nói  gì
20190529175050-98808121 >>>  em  không  biết  ***  ***  ***  nói  gì
20190529175050-98808121 op    C    C      C    D    D    D    S    C
20190529175308-42772cbc ref   một  tháng  có  bao  nhiêu  ngày
20190529175308-42772cbc hyp  đồng   tháp  có  bao  nhiêu  ngày
20190529175308-42772cbc >>>  đồng  tháp  có  bao  nhiêu  ngày
20190529175308-42772cbc op     S     S     C   C     C      C
20190529175752-5a9dc224 ref  đường  dẫn   web  là  gì
20190529175752-5a9dc224 hyp  đường  dẫn  webb  là  gì
20190529175752-5a9dc224 >>>  đường  dẫn  webb  là  gì
20190529175752-5a9dc224 op     C     C     S    C   C
20190529180147-bcb7527c ref  viettel  là  gì    ***    ***
20190529180147-bcb7527c hyp  viettel  là  gì  viettel   là
20190529180147-bcb7527c >>>  viettel  là  gì	e135492
20190529180147-bcb7527c op      C      C   C     I      I
20190529180313-6e60f4de ref  einstein  là  ai
20190529180313-6e60f4de hyp    isaac   là  ai
20190529180313-6e60f4de >>>  isaac  là  ai
20190529180313-6e60f4de op       S      C   C
20190529180322-3b2352af ref  vật  lí  là  gì
20190529180322-3b2352af hyp  vật  lý  là  gì
20190529180322-3b2352af >>>  vật  lý  là  gì
20190529180322-3b2352af op    C    S   C   C
20190529180338-904895d0 ref  vật  lí  là  gì
20190529180338-904895d0 hyp  vật  lý  là  gì
20190529180338-904895d0 >>>  vật  lý  là  gì
20190529180338-904895d0 op    C    S   C   C
20190529180643-501b4d53 ref  hồ  chí  minh  là  ai  ***  ***  ***  ***  ***  ***
20190529180643-501b4d53 hyp  hồ  chí  minh  là  ai   em  con  một  câu   gì  vậy
20190529180643-501b4d53 >>>  hồ  chí  minh  là  ai	e129139
20190529180643-501b4d53 op    C   C     C    C   C   I    I    I    I    I    I
20190529180648-d3d046cd ref  ***  hồ  chí  minh  là  ai
20190529180648-d3d046cd hyp   vợ  hồ  chí  minh  là  ai
20190529180648-d3d046cd >>>  vợ  hồ  chí  minh  là  ai
20190529180648-d3d046cd op    I    C   C     C    C   C
20190529180759-021a9c63 ref   ***  hồ  chí  minh  là  ai
20190529180759-021a9c63 hyp  ngày  hồ  chí  minh  là  ai
20190529180759-021a9c63 >>>  ngày  hồ  chí  minh  là  ai
20190529180759-021a9c63 op     I    C   C     C    C   C
20190529181312-210edfef ref  tết  ta  là  tháng  mấy
20190529181312-210edfef hyp  tất  ta  là  tháng  mấy
20190529181312-210edfef >>>  tất  ta  là  tháng  mấy
20190529181312-210edfef op    S    C   C    C     C
20190529181319-2b0d59c3 ref  tết  ta  là  ***
20190529181319-2b0d59c3 hyp  tết  ta  là   gì
20190529181319-2b0d59c3 >>>  tết  ta  là  gì
20190529181319-2b0d59c3 op    C    C   C   I
20190529182803-54af8cb9 ref  một  tuần  có  bao  nhiêu  ngày
20190529182803-54af8cb9 hyp   mộ  tuần  có  bao  nhiêu  ngày
20190529182803-54af8cb9 >>>  mộ  tuần  có  bao  nhiêu  ngày
20190529182803-54af8cb9 op    S     C    C   C     C      C
20190529182959-9351c4be ref   trả  lời  đại  đi
20190529182959-9351c4be hyp  sáng  mai  đại  đi
20190529182959-9351c4be >>>  sáng  mai  đại  đi
20190529182959-9351c4be op     S    S    C    C
20190529184027-6d535323 ref  một  cộng  một  bằng  mấy
20190529184027-6d535323 hyp  một  cộng  một  bằng  máy
20190529184027-6d535323 >>>  một  cộng  một  bằng  máy
20190529184027-6d535323 op    C     C    C     C    S
20190529184039-b24b62bb ref  một  cộng  một  bằng  mấy
20190529184039-b24b62bb hyp  một  cộng  một  bằng  máy
20190529184039-b24b62bb >>>  một  cộng  một  bằng  máy
20190529184039-b24b62bb op    C     C    C     C    S
20190529191424-0465008d ref  kể  chuyện  cười
20190529191424-0465008d hyp  kể  truyện  cười
20190529191424-0465008d >>>  kể  truyện  cười
20190529191424-0465008d op    C     S      C
20190530102954-fc525ab9 ref  chín  giờ  rưỡi  tối
20190530102954-fc525ab9 hyp  chín  giờ   gửi  tối
20190530102954-fc525ab9 >>>  chín  giờ	e4623
20190530102954-fc525ab9 op     C    C     S    C
20190530105133-cac260a2 ref  nghe  nhạc  edm  ***  việt
20190530105133-cac260a2 hyp  nghe  nhạc  edm   vì   yêu
20190530105133-cac260a2 >>>  nghe  nhạc  edm  vì  yêu
20190530105133-cac260a2 op     C     C    C    I     S
20190530105239-59680ccc ref  phát  nhạc  đàm  vĩnh  hưng   ***  ***   ***  ***
20190530105239-59680ccc hyp  phát  nhạc  đàm  vĩnh  hưng  đang   ở   nước  nào
20190530105239-59680ccc >>>  phát  nhạc  đàm  vĩnh  hưng  đang  ở  nước  nào
20190530105239-59680ccc op     C     C    C     C     C     I    I     I    I
20190530110240-76fe8738 ref  bạn  tên  gì
20190530110240-76fe8738 hyp  anh  tên  gì
20190530110240-76fe8738 >>>  anh  tên  gì
20190530110240-76fe8738 op    S    C    C
20190530120555-44fbf842 ref  một  trăm  cộng  một  trăm  bằng  mấy  ***   *** 
20190530120555-44fbf842 hyp  một  trăm  cộng  một  trăm  bằng  mấy   họ  thông
20190530120555-44fbf842 >>>  một  trăm  cộng  một  trăm  bằng  mấy	e100354
20190530120555-44fbf842 op    C     C     C    C     C     C    C    I     I
20190530121330-fd26b268 ref  một  triệu  cộng  một  trăm  bằng  mấy
20190530121330-fd26b268 hyp  một  triệu  cộng  một  trăm  bằng  máy
20190530121330-fd26b268 >>>  một  triệu  cộng  một  trăm  bằng  máy
20190530121330-fd26b268 op    C     C      C    C     C     C    S
20190530121435-60039074 ref  chứng  khoán  ***   ***  flc
20190530121435-60039074 hyp  chứng  khoán   bé  bình   lc
20190530121435-60039074 >>>  chứng  khoán  bé  bình	e5265
20190530121435-60039074 op     C      C     I     I    S
20190530142635-d5bf301a ref  bảy  tám  chín  một  không  hai
20190530142635-d5bf301a hyp  bãi  tắm  chín  một   cộng  hai
20190530142635-d5bf301a >>>  bãi  tắm  chín  một  cộng  hai
20190530142635-d5bf301a op    S    S     C    C     S     C
20190530142735-2126d1c4 ref  bảy   tám  chín  một  không  hai
20190530142735-2126d1c4 hyp  bảy  trăm  chín  một  không  hai
20190530142735-2126d1c4 >>>  bảy  trăm  chín  một  không  hai
20190530142735-2126d1c4 op    C     S     C    C     C     C
20190530142744-8a3963fc ref  bảy  tám   chín  một  không  hai
20190530142744-8a3963fc hyp  bảy  tám  chính  mưa  không  ***
20190530142744-8a3963fc >>>  bảy  tám  chính  mưa  không  ***
20190530142744-8a3963fc op    C    C     S     S     C     D
20190530142807-8c462e90 ref  xổ  số  bình  dương  ngày  hai  bốn  tháng  năm  hai  không  mười  chín
20190530142807-8c462e90 hyp  xổ  số  bình  dương  ngày  hai  bốn  tháng  năm  hai  không   một  chín
20190530142807-8c462e90 >>>  xổ  số  bình  dương  ngày  hai  bốn  tháng  năm  hai  không  một  chín
20190530142807-8c462e90 op    C   C    C     C      C    C    C     C     C    C     C      S     C
20190530142831-cd85563f ref  sáu  sáu  năm   tám  hai
20190530142831-cd85563f hyp  sau  sáu  năm  trăm  hai
20190530142831-cd85563f >>>  sau  sáu  năm  trăm  hai
20190530142831-cd85563f op    S    C    C     S    C
20190530142837-df38e8ce ref  sáu  sáu  năm  tám  hai
20190530142837-df38e8ce hyp  sáu  sáu  năm  tám  ***
20190530142837-df38e8ce >>>  sáu  sáu  năm  tám  ***
20190530142837-df38e8ce op    C    C    C    C    D
20190530143132-865d6a43 ref  xổ  số  lê  đại  hành  ngày  mai
20190530143132-865d6a43 hyp  xổ  số  lê  đại  hành   như  mai
20190530143132-865d6a43 >>>  xổ  số  lê  đại  hành	e2405
20190530143132-865d6a43 op    C   C   C   C     C     S    C
20190530143157-90522775 ref  bảy  tám   chín  không  một
20190530143157-90522775 hyp  bảy  tám  chính  không  một
20190530143157-90522775 >>>  bảy  tám  chính  không  một
20190530143157-90522775 op    C    C     S      C     C
20190530145453-57a0ac79 ref  mở  bài  dòng  thời  gian  của  nhạc  sĩ  nguyễn  hải  phong
20190530145453-57a0ac79 hyp  mở  bài  dòng  thời  gian  của  nhạc  sỹ  nguyễn   em  không
20190530145453-57a0ac79 >>>  mở  bài  dòng  thời  gian  của  nhạc  sỹ  nguyễn	e2163
20190530145453-57a0ac79 op    C   C     C     C     C    C     C    S     C     S     S
20190530145509-5556a498 ref  bài  dòng  thời  gian  của  nguyễn  hải  phong
20190530145509-5556a498 hyp  bật  dòng  thời  gian  của  nguyễn  hải  phong
20190530145509-5556a498 >>>  bật  dòng  thời  gian  của  nguyễn  hải  phong
20190530145509-5556a498 op    S     C     C     C    C      C     C     C
20190530151234-ebf85e09 ref  diện  tích  của  đồng  bằng  sông  hồng   là  bao  nhiêu
20190530151234-ebf85e09 hyp  diện  tích  của  đồng  bằng  sông  hồng  ***  bao  nhiêu
20190530151234-ebf85e09 >>>  diện  tích  của  đồng  bằng  sông  hồng  ***  bao  nhiêu
20190530151234-ebf85e09 op     C     C    C     C     C     C     C    D    C     C
20190530151728-3a23f1bd ref  đặt  lịch  ngày  mai
20190530151728-3a23f1bd hyp  ***   lực  ngày  mai
20190530151728-3a23f1bd >>>  ***   lực  ngày  mai
20190530151728-3a23f1bd op    D     S     C    C
20190530152601-8470b18f ref  thời  tiết  ở  quảng   nam
20190530152601-8470b18f hyp  thời  tiết  ở  quảng  lăng
20190530152601-8470b18f >>>  thời  tiết  ở  quảng  lăng
20190530152601-8470b18f op     C     C   C    C      S
20190530152642-1a6428b1 ref  giá  vàng  ***  sjc
20190530152642-1a6428b1 hyp  giá  vàng   ở    cc
20190530152642-1a6428b1 >>>  giá  vàng  ở	e10467
20190530152642-1a6428b1 op    C     C    I    S
20190530152731-6ce3d327 ref  đặt  lịch   vào   ngày  mai
20190530152731-6ce3d327 hyp  đặt  lịch  chiều  ngày  mai
20190530152731-6ce3d327 >>>  đặt  lịch  chiều  ngày  mai
20190530152731-6ce3d327 op    C     C     S      C    C
20190530153232-2479d68a ref  báo  thức  lúc  sáu  giờ  sáng  mai
20190530153232-2479d68a hyp  báo  thức  ***  sáu  giờ  sáng  mai
20190530153232-2479d68a >>>  báo  thức  ***  sáu  giờ  sáng  mai
20190530153232-2479d68a op    C     C    D    C    C     C    C
20190530153311-ec80b0e0 ref  đặt   lên  hẹn
20190530153311-ec80b0e0 hyp  đặt  lịch  hẹn
20190530153311-ec80b0e0 >>>  đặt  lịch  hẹn
20190530153311-ec80b0e0 op    C     S    C
20190530153314-360db21a ref  đặt  báo  thức
20190530153314-360db21a hyp  hẹn  báo  thức
20190530153314-360db21a >>>  hẹn  báo  thức
20190530153314-360db21a op    S    C     C
20190530153327-6acbbf7f ref  chín  giờ  rưỡi  tối
20190530153327-6acbbf7f hyp  chín  ***  rưỡi  tối
20190530153327-6acbbf7f >>>  chín  ***  rưỡi  tối
20190530153327-6acbbf7f op     C    D     C    C
20190530160202-01610200 ref  đặt  lịch  hẹn  vào  lúc  tám  giờ  sáng  thứ  hai  với  nội  dung  đi  chơi   *** 
20190530160202-01610200 hyp  đặt  lịch  hẹn  vào  lúc  tám  giờ  sáng  thứ  hai  với  nội  dung  đi  chơi  không
20190530160202-01610200 >>>  đặt  lịch  hẹn  vào  lúc  tám  giờ  sáng  thứ  hai  với  nội  dung  đi  chơi  không
20190530160202-01610200 op    C     C    C    C    C    C    C     C    C    C    C    C     C    C    C     I
20190530161316-0b354311 ref  đặt  báo  thức  lúc  tám  giờ  sáng  nay
20190530161316-0b354311 hyp  đặt  báo  thức  lúc  tám  giờ   ***  ***
20190530161316-0b354311 >>>  đặt  báo  thức  lúc  tám  giờ   ***  ***
20190530161316-0b354311 op    C    C     C    C    C    C     D    D
20190530162652-c2454e50 ref  đặt  lịch  hẹn  ***  lúc  tám  giờ  sáng  thứ  hai  với  nội  dung  đi  chơi
20190530162652-c2454e50 hyp  đặt  lịch  hẹn  vào  lúc  tám  giờ  sáng  thứ  hai  với  nội  dung  đi   chờ
20190530162652-c2454e50 >>>  đặt  lịch  hẹn  vào  lúc  tám  giờ  sáng  thứ  hai  với  nội  dung  đi  chờ
20190530162652-c2454e50 op    C     C    C    I    C    C    C     C    C    C    C    C     C    C    S
20190530162702-73a53e9e ref  đặt  lịch  hẹn  ***  lúc  tám  giờ  sáng  thứ  hai  với  nội  dung  đi  chơi
20190530162702-73a53e9e hyp  đặt  lịch  hẹn  vào  lúc  tám  giờ  sáng  thứ  hai  với  nội  dung  đi   ***
20190530162702-73a53e9e >>>  đặt  lịch  hẹn  vào  lúc  tám  giờ  sáng  thứ  hai  với  nội  dung  đi   ***
20190530162702-73a53e9e op    C     C    C    I    C    C    C     C    C    C    C    C     C    C    D
20190530162850-ceb57e75 ref  đặt  lịch  hẹn  ***  lúc  tám  giờ  sáng  thứ  hai  với  nội  dung   đi    chơi 
20190530162850-ceb57e75 hyp  đặt  lịch  hẹn  vào  lúc  tám  giờ  sáng  thứ  hai  ***  ***   giá  vàng  johnny
20190530162850-ceb57e75 >>>  đặt  lịch  hẹn  vào  lúc  tám  giờ  sáng  thứ  hai  ***  ***   giá  vàng  johnny
20190530162850-ceb57e75 op    C     C    C    I    C    C    C     C    C    C    D    D     S     S      S
20190530162901-1e014b05 ref  đặt  lịch  hẹn  ***  lúc  tám  giờ  sáng  thứ  hai  với  nội  dung  đi  chơi
20190530162901-1e014b05 hyp  đặt  lịch  hẹn  vào  lúc  tám  giờ  sáng  thứ  hai  với  nội  dung  đi  chơi
20190530162901-1e014b05 >>>  đặt  lịch  hẹn  vào  lúc  tám  giờ  sáng  thứ  hai  với  nội  dung  đi  chơi
20190530162901-1e014b05 op    C     C    C    I    C    C    C     C    C    C    C    C     C    C    C
20190530174821-4e73ec21 ref  chín  giờ  rưỡi  tối
20190530174821-4e73ec21 hyp  chín  giờ   ***  tối
20190530174821-4e73ec21 >>>  chín  giờ   ***  tối
20190530174821-4e73ec21 op     C    C     D    C
20190530174821-895d9fd4 ref  chín  giờ  rưỡi  tối
20190530174821-895d9fd4 hyp  chín  giờ   ***  tối
20190530174821-895d9fd4 >>>  chín  giờ   ***  tối
20190530174821-895d9fd4 op     C    C     D    C
20190530175819-ddc6a30b ref  tức  vào  ngày  mai
20190530175819-ddc6a30b hyp  đức  vào  ngày  mai
20190530175819-ddc6a30b >>>  đức  vào  ngày  mai
20190530175819-ddc6a30b op    S    C     C    C
20190531134347-7c0148b5 ref  hôm  qua  ***  ngày  mấy
20190531134347-7c0148b5 hyp  hôm  qua   là  ngày  mấy
20190531134347-7c0148b5 >>>  hôm  qua  là  ngày  mấy
20190531134347-7c0148b5 op    C    C    I     C    C
20190531151910-da24b0cc ref  gọi  điện  thoại  cho  huyền
20190531151910-da24b0cc hyp  gọi  điện  thoại  cho   *** 
20190531151910-da24b0cc >>>  gọi  điện  thoại  cho   *** 
20190531151910-da24b0cc op    C     C     C     C     D
20190531162200-611acd51 ref  đặt  báo  thức  vào  hai  mươi  hai  giờ  ngày  mai
20190531162200-611acd51 hyp  đặt  báo  thức  ***  ***   ***  hai  giờ  ngày  mai
20190531162200-611acd51 >>>  đặt  báo  thức  ***  ***   ***  hai  giờ  ngày  mai
20190531162200-611acd51 op    C    C     C    D    D     D    C    C     C    C
20190531170026-e8900848 ref  gọi   đên  thoại  cho  duy
20190531170026-e8900848 hyp  gọi  điện  thoại  cho  duy
20190531170026-e8900848 >>>  gọi  điện  thoại  cho  duy
20190531170026-e8900848 op    C     S     C     C    C
20190531170118-afb35c2c ref  ***   ***   hỏi  thăm  hỏi
20190531170118-afb35c2c hyp  hủy  đồng  khởi   thế  nào
20190531170118-afb35c2c >>>  hủy  đồng  khởi  thế  nào
20190531170118-afb35c2c op    I     I     S     S    S
20190601121132-1635a07f ref  một  cộng  một  bằng  mấy
20190601121132-1635a07f hyp  một  cộng  một  bằng  máy
20190601121132-1635a07f >>>  một  cộng  một  bằng  máy
20190601121132-1635a07f op    C     C    C     C    S
20190601214719-21738928 ref  lê   bê   la  là  ai
20190601214719-21738928 hyp  lê  ***  bla  là  ai
20190601214719-21738928 >>>  lê  ***  bla  là  ai
20190601214719-21738928 op    C   D    S    C   C
20190601220223-ed11e8d8 ref  diện  tích  của  bắc  mỹ   và  nam  mỹ  là  bao  nhiêu
20190601220223-ed11e8d8 hyp  diện  tích  của  bắc  mỹ  ***   là  mỹ  là  bao  nhiêu
20190601220223-ed11e8d8 >>>  diện  tích  của  bắc  mỹ  ***   là  mỹ  là  bao  nhiêu
20190601220223-ed11e8d8 op     C     C    C    C    C   D    S    C   C   C     C
20190601220240-fd709bca ref  diện  tích  của  châu  á   và  châu  âu  là  bao  nhiêu
20190601220240-fd709bca hyp  diện  tích  của  châu  á  ***  châu  âu  là  bao  nhiêu
20190601220240-fd709bca >>>  diện  tích  của  châu  á  ***  châu  âu  là  bao  nhiêu
20190601220240-fd709bca op     C     C    C     C   C   D     C    C   C   C     C
20190602112523-ac65c1e9 ref  thời  tiết  hiện  tại  như  thế  nào
20190602112523-ac65c1e9 hyp  thời  tiết  hiện  tại  ***  thế  nào
20190602112523-ac65c1e9 >>>  thời  tiết  hiện  tại  ***  thế  nào
20190602112523-ac65c1e9 op     C     C     C    C    D    C    C
20190602112529-137abcb1 ref  thời  tiết  hiện  tại  như  thế  nào
20190602112529-137abcb1 hyp  thời  tiết  hiện  tại  ***  thế  nào
20190602112529-137abcb1 >>>  thời  tiết  hiện  tại  ***  thế  nào
20190602112529-137abcb1 op     C     C     C    C    D    C    C
20190602112650-ce78aab8 ref  mở  bài  hát  mới  nhất  của  phạm  mạnh  quỳnh
20190602112650-ce78aab8 hyp  mở  bài  hát  mới  nhất  của   ***  mạnh   quân
20190602112650-ce78aab8 >>>  mở  bài  hát  mới  nhất  của   ***  mạnh   quân
20190602112650-ce78aab8 op    C   C    C    C     C    C     D     C     S
20190602112927-06d65dc5 ref  cha  của  hồ  chí  minh   là   ai
20190602112927-06d65dc5 hyp  cha  của  hồ  chí  minh  ***  lại
20190602112927-06d65dc5 >>>  cha  của  hồ  chí  minh  ***  lại
20190602112927-06d65dc5 op    C    C    C   C     C    D    S
20190602142719-ec1e7941 ref  thời  tiết  hiện   tại
20190602142719-ec1e7941 hyp   ***   văn  tiến  dũng
20190602142719-ec1e7941 >>>  ***   văn  tiến  dũng
20190602142719-ec1e7941 op     D     S     S     S
20190602142809-f80c1c4e ref  dự  báo  thời  tiết  ngày  mai   ở   hà  nội
20190602142809-f80c1c4e hyp  dự  báo  thời  tiết  ngày  mai  ***  hà  nội
20190602142809-f80c1c4e >>>  dự  báo  thời  tiết  ngày  mai  ***  hà  nội
20190602142809-f80c1c4e op    C   C     C     C     C    C    D    C   C
20190603091525-6519c2bd ref  ngày  ba  mươi  tháng  sáu  năm  hai   ngàn  không  trăm  mười  chín
20190603091525-6519c2bd hyp  ngày  ba  mươi  tháng  sáu  năm  hai  nghìn  không  trăm  mười  chín
20190603091525-6519c2bd >>>  ngày  ba  mươi  tháng  sáu  năm  hai  nghìn  không  trăm  mười  chín
20190603091525-6519c2bd op     C    C    C     C     C    C    C     S      C      C     C     C
20190603091543-2d176ea8 ref  nhắc  tôi  đi  họp  ngày  ba  mươi  tháng  sáu  năm  hai  nghìn  không  trăm  mười  chín
20190603091543-2d176ea8 hyp  nhắc  tôi  đi  học  ngày  ba  mươi  tháng  sáu  năm  hai  nghìn  không  trăm  mười  chín
20190603091543-2d176ea8 >>>  nhắc  tôi  đi  học  ngày  ba  mươi  tháng  sáu  năm  hai  nghìn  không  trăm  mười  chín
20190603091543-2d176ea8 op     C    C    C   S     C    C    C     C     C    C    C     C      C      C     C     C
20190603092539-4304c9cd ref  gọi  điện  thoại  với
20190603092539-4304c9cd hyp  gọi  điện  thoại  mới
20190603092539-4304c9cd >>>  gọi  điện  thoại  mới
20190603092539-4304c9cd op    C     C     C     S
20190603101303-c838969a ref   nó   nó   nó   nó  khá  hơn    á 
20190603101303-c838969a hyp  ***  ***  ***  ***  ***  khả  ngân
20190603101303-c838969a >>>  ***  ***  ***  ***  ***  khả  ngân
20190603101303-c838969a op    D    D    D    D    D    S     S
20190603204221-5ba4e56c ref  nhắn  duy  ngày  mai  đi  họp
20190603204221-5ba4e56c hyp  ngắn  duy  ngày  mai  đi  họp
20190603204221-5ba4e56c >>>  ngắn  duy	e2157
20190603204221-5ba4e56c op     S    C     C    C    C   C
20190603205958-3db329f7 ref  sài  gòn   có  bao  nhiêu  quận
20190603205958-3db329f7 hyp  sài  gòn  cao  bao  nhiêu   ***
20190603205958-3db329f7 >>>  sài  gòn  cao  bao  nhiêu   ***
20190603205958-3db329f7 op    C    C    S    C     C      D
20190604071601-dd0f650b ref   ***   ***   ***   ***  tin  tức
20190604071601-dd0f650b hyp  thời  gian  buổi  sáng  tin  tức
20190604071601-dd0f650b >>>  thời  gian  buổi  sáng	e1764
20190604071601-dd0f650b op     I     I     I     I    C    C
20190604072404-92df5585 ref  thủ  đô   tô  thủ  đô  nhật
20190604072404-92df5585 hyp  thủ  đô  tốt  thủ  đô  nhật
20190604072404-92df5585 >>>  thủ  đô  tốt  thủ  đô  nhật
20190604072404-92df5585 op    C    C   S    C    C    C
20190605111504-c35a2bcd ref  mở  nhạc  black  pink
20190605111504-c35a2bcd hyp  mở  nhạc   đức   vinh
20190605111504-c35a2bcd >>>  mở  nhạc  đức  vinh
20190605111504-c35a2bcd op    C    C     S      S
20190605112740-9d43c28a ref  một  xen   ti  mét  trên  giây  bằng  bao  nhiêu  mm  trên  giây
20190605112740-9d43c28a hyp  một  ***  ***   cm  trên  giây  bằng  bao  nhiêu  mm  trên  giây
20190605112740-9d43c28a >>>  một  ***  ***   cm  trên  giây  bằng  bao  nhiêu  mm  trên  giây
20190605112740-9d43c28a op    C    D    D    S     C     C     C    C     C     C    C     C
20190605112751-9243b387 ref  một  xen   ti  mét  trên  giây  bằng  bao  nhiêu  mm  trên  giây
20190605112751-9243b387 hyp  một  ***  ***   cm  trên  giây  bằng  bao  nhiêu  mm  trên  giây
20190605112751-9243b387 >>>  một  ***  ***   cm  trên  giây  bằng  bao  nhiêu  mm  trên  giây
20190605112751-9243b387 op    C    D    D    S     C     C     C    C     C     C    C     C
20190606154803-fd2e6c03 ref  năm  trăm  cộng  năm  trăm  bằng  mấy
20190606154803-fd2e6c03 hyp  hai  trăm  cộng  năm  trăm  bằng  mấy
20190606154803-fd2e6c03 >>>  hai  trăm  cộng  năm  trăm  bằng  mấy
20190606154803-fd2e6c03 op    S     C     C    C     C     C    C
20190606211538-4dc4b7bf ref  một  cộng  một  bằng  mấy
20190606211538-4dc4b7bf hyp  một  cộng  một  bằng  máy
20190606211538-4dc4b7bf >>>  một  cộng  một  bằng  máy
20190606211538-4dc4b7bf op    C     C    C     C    S
20190607135425-033a4b19 ref  nhắn  tin  cho  duy  hỏi  chiều  nay  họp  phòng  nào
20190607135425-033a4b19 hyp  nhắn  tin  cho  duy  hỏi  chiều  mai  học   chỗ   nào
20190607135425-033a4b19 >>>  nhắn  tin  cho  duy	e2157
20190607135425-033a4b19 op     C    C    C    C    C     C     S    S     S     C
20190607173142-e34918c7 ref  tỷ  số  giữa  việt  nam  và  thái  lan
20190607173142-e34918c7 hyp  tỉ  số  giữa  việt  nam  và  thái  lan
20190607173142-e34918c7 >>>  tỉ  số  giữa  việt  nam  và  thái  lan
20190607173142-e34918c7 op    S   C    C     C    C    C    C    C
20190610154942-6f6b3526 ref  hôm  nay  là  thứ  mấy   ***  ***   ***   *** 
20190610154942-6f6b3526 hyp  hôm  nay  là  thứ  mấy  ngày   có  nắng  không
20190610154942-6f6b3526 >>>  hôm  nay  là  thứ  mấy  ngày  có  nắng  không
20190610154942-6f6b3526 op    C    C    C   C    C     I    I     I     I
20190612151505-7f6bba28 ref  trường  trần  đại  nghĩa  ở  đâu
20190612151505-7f6bba28 hyp  trương  trần  đại  nghĩa  ở  đâu
20190612151505-7f6bba28 >>>  trương  trần  đại  nghĩa  ở  đâu
20190612151505-7f6bba28 op      S      C    C     C    C   C
20190614131842-ef782307 ref  hôm  nay  là  ngày  mấy
20190614131842-ef782307 hyp  hôm  nay  là  nghề  máy
20190614131842-ef782307 >>>  hôm  nay  là  nghề  máy
20190614131842-ef782307 op    C    C    C    S    S
20190614132151-827fbf0f ref  hôm  nay  là  ngày  mấy
20190614132151-827fbf0f hyp  năm  nay  là  ngày  mấy
20190614132151-827fbf0f >>>  năm  nay  là  ngày  mấy
20190614132151-827fbf0f op    S    C    C    C    C
20190614132914-042e80df ref  hôm  nay  là  ngày  mấy
20190614132914-042e80df hyp  ***  nay  là  ngày  mấy
20190614132914-042e80df >>>  ***  nay  là  ngày  mấy
20190614132914-042e80df op    D    C    C    C    C
20190614133052-ffde7b18 ref  xổ  số  huyện  vũng  tàu
20190614133052-ffde7b18 hyp  xổ  số   ***   vũng  tàu
20190614133052-ffde7b18 >>>  xổ  số   ***   vũng  tàu
20190614133052-ffde7b18 op    C   C    D      C    C
20190614133419-9cb0cf56 ref  một  cộng  một  bằng  mấy
20190614133419-9cb0cf56 hyp   gò  công   là  ngày  mấy
20190614133419-9cb0cf56 >>>  gò  công  là  ngày  mấy
20190614133419-9cb0cf56 op    S     S    S     S    C
20190614133605-638ba0d6 ref  hôm  qua  là  thứ  mấy
20190614133605-638ba0d6 hyp  thứ   ba  là  thứ  mấy
20190614133605-638ba0d6 >>>  thứ  ba  là  thứ  mấy
20190614133605-638ba0d6 op    S    S    C   C    C
20190614134200-f35d06b4 ref  thời   tiết  ở  vũng  tàu
20190614134200-f35d06b4 hyp   ***  tiếng  ở  vũng  tàu
20190614134200-f35d06b4 >>>  ***  tiếng  ở  vũng  tàu
20190614134200-f35d06b4 op     D     S    C    C    C
20190614134227-7dc936f6 ref  một   ki   lô  mét  vuông  bằng  bao  nhiêu  mét  vuông
20190614134227-7dc936f6 hyp  một  ***  ***   km  vuông  bằng  bao  nhiêu  mét  vuông
20190614134227-7dc936f6 >>>  một  ***  ***   km  vuông  bằng  bao  nhiêu  mét  vuông
20190614134227-7dc936f6 op    C    D    D    S     C      C    C     C     C     C
20190614134233-821a2e5f ref  một   ki   lô  mét  vuông  bằng  bao  nhiêu  mét  vuông
20190614134233-821a2e5f hyp  một  ***  ***  ***    km   bằng  bao  nhiêu  mét  vuông
20190614134233-821a2e5f >>>  một  ***  ***  ***    km   bằng  bao  nhiêu  mét  vuông
20190614134233-821a2e5f op    C    D    D    D     S      C    C     C     C     C
20190614134244-4d6e5cfe ref  một   ki   lô  mét  vuông  bằng  bao  nhiêu  mét  vuông
20190614134244-4d6e5cfe hyp  một  ***  ***   km  vuông  bằng  bao  nhiêu  mét  vuông
20190614134244-4d6e5cfe >>>  một  ***  ***   km  vuông  bằng  bao  nhiêu  mét  vuông
20190614134244-4d6e5cfe op    C    D    D    S     C      C    C     C     C     C
20190614151926-dc37e97b ref  hôm  nay  là  ngày  mấy
20190614151926-dc37e97b hyp  hôm  nay  là  nghề  máy
20190614151926-dc37e97b >>>  hôm  nay  là  nghề  máy
20190614151926-dc37e97b op    C    C    C    S    S
20190614151933-57692a40 ref  đặt  báo  thức  ***  ***
20190614151933-57692a40 hyp  đặt  báo  thức  vào  tối
20190614151933-57692a40 >>>  đặt  báo  thức  vào  tối
20190614151933-57692a40 op    C    C     C    I    I
20190614152041-2c90eb5d ref  mở  bài  duyên  phận  ***  ***  ***
20190614152041-2c90eb5d hyp  mở  bài  duyên  phận   là  cái   gì
20190614152041-2c90eb5d >>>  mở  bài  duyên  phận  là  cái  gì
20190614152041-2c90eb5d op    C   C     C      C    I    I    I
20190614152640-674e5c15 ref  tỉnh  nào  ít  dân   thứ   nhì  việt  nam
20190614152640-674e5c15 hyp  tỉnh  nào  ít  dân  thiếu  nhi  việt  nam
20190614152640-674e5c15 >>>  tỉnh  nào  ít  dân	e1925
20190614152640-674e5c15 op     C    C    C   C     S     S     C    C
20190614152652-a3802442 ref   em  của  bác  hồ  sinh  năm  mấy
20190614152652-a3802442 hyp  cha  của  bác  hồ  sinh  năm  mấy
20190614152652-a3802442 >>>  cha  của  bác  hồ  sinh  năm  mấy
20190614152652-a3802442 op    S    C    C    C    C    C    C
20190614152715-96491c58 ref  tiết  hôm  nay  thế  nào
20190614152715-96491c58 hyp   ***  hôm  nay  thế  nào
20190614152715-96491c58 >>>  ***  hôm  nay  thế  nào
20190614152715-96491c58 op     D    C    C    C    C
20190614152814-015c830d ref  bác  hồ  và  obama  ai  già  hơn
20190614152814-015c830d hyp  bác  hồ  và  obama  ai   và  hơn
20190614152814-015c830d >>>  bác  hồ  và  obama  ai  và  hơn
20190614152814-015c830d op    C    C   C    C     C   S    C
20190614153026-e1408f3e ref  nhắn  tin  cho  phương  la  bàn  một  hai  ba  bốn  năm  sáu  bảy  tám  chín  mười
20190614153026-e1408f3e hyp  nhắn  tin  cho  phương  la  bàn  một  hai  ba  bốn  năm  sau  bảy  tám  tính  mười
20190614153026-e1408f3e >>>  nhắn  tin  cho  phương  la  bàn  một  hai  ba  bốn  năm  sau  bảy  tám  tính  mười
20190614153026-e1408f3e op     C    C    C      C     C   C    C    C    C   C    C    S    C    C     S     C
20190614153041-6f92ff6f ref  nhắn    tin   cho  phương  la  bàn   rảnh  quá
20190614153041-6f92ff6f hyp   ***  nguyên   do  phương  la  bàn  thạnh  hóa
20190614153041-6f92ff6f >>>  ***  nguyên   do  phương  la  bàn  thạnh  hóa
20190614153041-6f92ff6f op     D      S     S      C     C   C     S     S
20190614170015-31dc9dd8 ref  một  cộng  một  bằng  mấy
20190614170015-31dc9dd8 hyp  một  cộng  một  bằng  máy
20190614170015-31dc9dd8 >>>  một  cộng  một  bằng  máy
20190614170015-31dc9dd8 op    C     C    C     C    S
20190614170023-be783b46 ref  trăm  nhân  một  trăm  bằng  mấy   ***   ***
20190614170023-be783b46 hyp  trần  nhân  một  trăm  bằng  mấy  tiền  việt
20190614170023-be783b46 >>>  trần  nhân  một  trăm  bằng  mấy  tiền  việt
20190614170023-be783b46 op     S     C    C     C     C    C     I     I
20190614170415-ebf20afc ref  tổng  thống  hoa  kỳ  nhậm  chức  năm  nào
20190614170415-ebf20afc hyp  tổng  thống  hoa  kì  nhậm  chức  năm  nào
20190614170415-ebf20afc >>>  tổng  thống  hoa  kì  nhậm  chức  năm  nào
20190614170415-ebf20afc op     C     C     C    S    C     C    C    C
20190614170441-b345bb51 ref  cổ  phiếu  của  công  ty  ***  flc
20190614170441-b345bb51 hyp  cổ  phiếu  của  công  ty   fl   xe
20190614170441-b345bb51 >>>  cổ  phiếu  của  công  ty  fl  xe
20190614170441-b345bb51 op    C    C     C     C    C   I    S
20190614170448-a1681a6c ref  cổ  phiếu  của  công  ty   ***   flc
20190614170448-a1681a6c hyp  cổ  phiếu  của  công  ty  apple   lc
20190614170448-a1681a6c >>>  cổ  phiếu  của  công  ty  apple  lc
20190614170448-a1681a6c op    C    C     C     C    C    I     S
20190614170456-8353c6ca ref   cổ  phiếu  của  công  ty  fpt
20190614170456-8353c6ca hyp  ***   ***   ***  công  ty  fpt
20190614170456-8353c6ca >>>  ***   ***   ***  công  ty  fpt
20190614170456-8353c6ca op    D     D     D     C    C   C
20190614170653-58b7e52b ref  đổi  một  trăm  ngàn   ra   đô    la  
20190614170653-58b7e52b hyp  đổi  một  trăm  ngàn  ***  qua  dollar
20190614170653-58b7e52b >>>  đổi  một  trăm  ngàn  ***  qua  dollar
20190614170653-58b7e52b op    C    C     C     C    D    S      S
20190614170659-5921e691 ref  đổi  một  trăm  ngàn  ra  đô  la
20190614170659-5921e691 hyp  đổi  một  trăm   nhà  ra  đô  la
20190614170659-5921e691 >>>  đổi  một  trăm	e1378
20190614170659-5921e691 op    C    C     C     S    C   C   C
20190614172111-cee23b2a ref  một  cộng  một  bằng  mấy
20190614172111-cee23b2a hyp  một  cộng  một  bằng  máy
20190614172111-cee23b2a >>>  một  cộng  một  bằng  máy
20190614172111-cee23b2a op    C     C    C     C    S
20190614180748-9de5d634 ref  hôm  nay  là  ngày  mấy
20190614180748-9de5d634 hyp  hôm  nay  là  nghề  máy
20190614180748-9de5d634 >>>  hôm  nay  là  nghề  máy
20190614180748-9de5d634 op    C    C    C    S    S
20190614180755-ab63a848 ref  hôm  nay  là  ngày  mấy
20190614180755-ab63a848 hyp  hôm  nay  là  nghề  máy
20190614180755-ab63a848 >>>  hôm  nay  là  nghề  máy
20190614180755-ab63a848 op    C    C    C    S    S
20190614182113-961dc032 ref  một  cộng  một  bằng  mấy
20190614182113-961dc032 hyp  một  cộng  một  bằng  máy
20190614182113-961dc032 >>>  một  cộng  một  bằng  máy
20190614182113-961dc032 op    C     C    C     C    S
20190614182748-5fdeb5c9 ref  một  cộng  một  bằng  mấy
20190614182748-5fdeb5c9 hyp  một  cộng  một  bằng  máy
20190614182748-5fdeb5c9 >>>  một  cộng  một  bằng  máy
20190614182748-5fdeb5c9 op    C     C    C     C    S
20190614182759-263c8107 ref  hồ  chí  minh   là   ai
20190614182759-263c8107 hyp  hồ  chí  minh  ***  lại
20190614182759-263c8107 >>>  hồ  chí  minh  ***  lại
20190614182759-263c8107 op    C   C     C    D    S
20190614182944-a2379434 ref  cổ  phiếu  flc
20190614182944-a2379434 hyp  cổ  phiếu  flt
20190614182944-a2379434 >>>  cổ  phiếu  flt
20190614182944-a2379434 op    C    C     S
20190614182952-cab63952 ref  cổ  phiếu  ***  flc
20190614182952-cab63952 hyp  cổ  phiếu   fl   c 
20190614182952-cab63952 >>>  cổ  phiếu  fl  c
20190614182952-cab63952 op    C    C     I    S
20190614183135-01d5eccb ref  báo  thức  lúc  lúc  chín  giờ
20190614183135-01d5eccb hyp  báo  thức  ***  lúc  chín  giờ
20190614183135-01d5eccb >>>  báo  thức  ***  lúc  chín  giờ
20190614183135-01d5eccb op    C     C    D    C     C    C
20190614183225-3bf6241d ref   hẹn  bạn  gái  đi  chơi
20190614183225-3bf6241d hyp  điện  bạn  gái  đi  chơi
20190614183225-3bf6241d >>>  điện  bạn  gái  đi  chơi
20190614183225-3bf6241d op     S    C    C    C    C
20190614183339-2f68bc66 ref  phương   ơi  đi  về  đi
20190614183339-2f68bc66 hyp   xuân   mai  đi  về  đi
20190614183339-2f68bc66 >>>  xuân  mai  đi  về  đi
20190614183339-2f68bc66 op      S     S    C   C   C
20190614183402-a2b57673 ref  báo  thức  chín  giờ  sáng  mai
20190614183402-a2b57673 hyp  báo  thức  chín  giờ  sáng  nay
20190614183402-a2b57673 >>>  báo  thức  chín  giờ  sáng  nay
20190614183402-a2b57673 op    C     C     C    C     C    S
20190614183420-5304743f ref  hẹn  giờ  sau  năm  phút  ***  ***   ***  ***  ***
20190614183420-5304743f hyp  hẹn  giờ  sau  năm  phút  sáu   đá  nhảy  thế  nào
20190614183420-5304743f >>>  hẹn  giờ  sau  năm  phút  sáu  đá  nhảy  thế  nào
20190614183420-5304743f op    C    C    C    C     C    I    I     I    I    I
20190614183424-6ef94ba4 ref  hẹn  giờ  sau  năm  phút  nữa  ***  ***  ***  ***   ***    ***    ***
20190614183424-6ef94ba4 hyp  hẹn  giờ  sau  năm  phút  nữa  cái  này   là   nó  bình  thường  thôi
20190614183424-6ef94ba4 >>>  hẹn  giờ  sau  năm  phút  nữa	e2225
20190614183424-6ef94ba4 op    C    C    C    C     C    C    I    I    I    I     I      I      I
20190614183730-83056178 ref  nhắc  tôi  đi  họp
20190614183730-83056178 hyp  nhắc  tôi  đi  học
20190614183730-83056178 >>>  nhắc  tôi  đi  học
20190614183730-83056178 op     C    C    C   S
20190614183735-34ccdb17 ref  nhắc  tôi  đi  họp
20190614183735-34ccdb17 hyp  nhắc  tôi  đi  học
20190614183735-34ccdb17 >>>  nhắc  tôi  đi  học
20190614183735-34ccdb17 op     C    C    C   S
20190614183939-83acc3a8 ref  một  cộng  một  bằng  ***  ***  ***  ***  mấy
20190614183939-83acc3a8 hyp  một  cộng  một  bằng  máy   nó  voi  thế  nào
20190614183939-83acc3a8 >>>  một  cộng  một  bằng  máy  nó  voi  thế  nào
20190614183939-83acc3a8 op    C     C    C     C    I    I    I    I    S
20190614184221-263975b2 ref  mai  có  mưa  không
20190614184221-263975b2 hyp  ***  có  mưa  không
20190614184221-263975b2 >>>  ***  có  mưa  không
20190614184221-263975b2 op    D    C   C     C
20190614184322-7761dd98 ref  hôm  nay  là  ngày  bao  nhiêu
20190614184322-7761dd98 hyp  ***  nay  là  ngày  bao  nhiêu
20190614184322-7761dd98 >>>  ***  nay  là  ngày  bao  nhiêu
20190614184322-7761dd98 op    D    C    C    C    C     C
20190614203024-3fed2c4b ref  trường  đinh  thiện  lý  ở  đâu
20190614203024-3fed2c4b hyp   chồng  đinh  thanh  lý  ở  đâu
20190614203024-3fed2c4b >>>  chồng  đinh  thanh  lý  ở  đâu
20190614203024-3fed2c4b op      S      C     S     C  C   C
20190614212132-87bcefa8 ref   ki   ơi  một  trăm  cộng  hai  mươi  trăm  bằng  mấy
20190614212132-87bcefa8 hyp  ***  kia  một  trăm  cộng  hai   ***  trăm  bằng  máy
20190614212132-87bcefa8 >>>  ***  kia  một  trăm  cộng  hai   ***  trăm  bằng  máy
20190614212132-87bcefa8 op    D    S    C     C     C    C     D     C     C    S
20190614212244-1a38b42d ref   trăm  cộng  hai  trăm  bằng  mấy
20190614212244-1a38b42d hyp  không  cộng  một  trăm  bằng  mấy
20190614212244-1a38b42d >>>  không  cộng  một  trăm  bằng  mấy
20190614212244-1a38b42d op     S      C    S     C     C    C
20190614212355-9a10b29c ref  hai  trăm  trừ  hai  bằng  mấy
20190614212355-9a10b29c hyp  hai  trăm  trừ  hai  bằng  máy
20190614212355-9a10b29c >>>  hai  trăm  trừ  hai  bằng  máy
20190614212355-9a10b29c op    C     C    C    C     C    S
20190614212544-a90902df ref    a   đông   tây  nam  bắc  là  gì
20190614212544-a90902df hyp  chơi   đôn  trai  năm  bắc  là  gì
20190614212544-a90902df >>>  chơi  đôn  trai  năm  bắc  là  gì
20190614212544-a90902df op     S     S     S    S    C    C   C
20190614212554-d55644b4 ref  đông  tây  nam  bắc  là  gì
20190614212554-d55644b4 hyp   độc  tài  nam  bắc  là  gì
20190614212554-d55644b4 >>>  độc  tài	e1528
20190614212554-d55644b4 op     S    S    C    C    C   C
20190615092301-7f57592e ref  quê  của  bố  hồ  chí  minh   ***   ở    đâu 
20190615092301-7f57592e hyp  quê  của  bố  hồ  chí  minh  đang  mưa  không
20190615092301-7f57592e >>>  quê  của  bố  hồ  chí  minh  đang  mưa  không
20190615092301-7f57592e op    C    C    C   C   C     C     I    S     S
20190615092332-73b9ebf9 ref  ai  là   bà  tưng
20190615092332-73b9ebf9 hyp  ai  là  bảo   bốn
20190615092332-73b9ebf9 >>>  ai  là  bảo	e1504
20190615092332-73b9ebf9 op    C   C   S     S
20190615092517-4d560974 ref  ***  nào  dân  số  lớn  nhất  việt  nam
20190615092517-4d560974 hyp  nơi  nào  dân  số  lớn  nhất  việt  nam
20190615092517-4d560974 >>>  nơi  nào  dân  số  lớn  nhất  việt  nam
20190615092517-4d560974 op    I    C    C    C   C     C     C    C
20190615192127-e4ebee63 ref  hôm  nay   có  mưa  không
20190615192127-e4ebee63 hyp  hôm  nay  ***  mưa  không
20190615192127-e4ebee63 >>>  hôm  nay  ***  mưa  không
20190615192127-e4ebee63 op    C    C    D    C     C
20190615210406-f1e7a1fb ref  ***  kali  là  ai
20190615210406-f1e7a1fb hyp  cao   ly   là  ai
20190615210406-f1e7a1fb >>>  cao  ly  là  ai
20190615210406-f1e7a1fb op    I     S    C   C
20190615210414-32a56c66 ref  kha     ly    là  ai
20190615210414-32a56c66 hyp  ***  khalifa  là  ai
20190615210414-32a56c66 >>>  ***  khalifa  là  ai
20190615210414-32a56c66 op    D      S      C   C
20190615210504-768a7ee2 ref   st  sơn  thạch  là  ai  ***  ***   ***    ***   ***   ***
20190615210504-768a7ee2 hyp  fpt  sơn  thạch  là  ai  bầu  đau  nhưng  không  thể  thao
20190615210504-768a7ee2 >>>  fpt  sơn	e7877
20190615210504-768a7ee2 op    S    C     C     C   C   I    I     I      I     I     I
20190615210511-ec240fa1 ref   st   sơn  thạch  là  ai
20190615210511-ec240fa1 hyp  fpt  xuân  khanh  là  ai
20190615210511-ec240fa1 >>>  fpt  xuân  khanh  là  ai
20190615210511-ec240fa1 op    S     S     S     C   C
20190615213226-bbf5049a ref  xoài   mút  ở  đâu
20190615213226-bbf5049a hyp  xoài  mute  ở  đâu
20190615213226-bbf5049a >>>  xoài  mute  ở  đâu
20190615213226-bbf5049a op     C     S   C   C
20190615223339-734cdadf ref  hôm  nay  là  ngày  mấy
20190615223339-734cdadf hyp  hôm  nay  là  nghề  máy
20190615223339-734cdadf >>>  hôm  nay  là  nghề  máy
20190615223339-734cdadf op    C    C    C    S    S
20190616104706-27c164d9 ref  chim  ruồi  là  con  gì
20190616104706-27c164d9 hyp  phim  ruồi  là  con  gì
20190616104706-27c164d9 >>>  phim  ruồi  là  con  gì
20190616104706-27c164d9 op     S     C    C   C    C
20190616104715-58ea7b92 ref  chim  ruồi  là  con  gì
20190616104715-58ea7b92 hyp  phim  ruồi  là  con  gì
20190616104715-58ea7b92 >>>  phim  ruồi  là  con  gì
20190616104715-58ea7b92 op     S     C    C   C    C
20190616104741-d3032534 ref  cha  của  hồ  chí  minh  năm   nay  bao  nhiêu  tuổi
20190616104741-d3032534 hyp  cha  của  hồ  chí  minh  ***  đang  bao  nhiêu  tuổi
20190616104741-d3032534 >>>  cha  của  hồ  chí  minh  ***  đang  bao  nhiêu  tuổi
20190616104741-d3032534 op    C    C    C   C     C    D     S    C     C      C
20190616104946-ed93dfdc ref  mở  bài  độ  ta  không  độ  nàng
20190616104946-ed93dfdc hyp  mở  bài  đỗ  ta  không  độ  làng
20190616104946-ed93dfdc >>>  mở  bài  đỗ  ta  không  độ  làng
20190616104946-ed93dfdc op    C   C    S   C    C     C    S
20190616111552-e028c217 ref  mai  ***  huyền  linh  là  ai
20190616111552-e028c217 hyp  mai  thu  huyền  linh  là  ai
20190616111552-e028c217 >>>  mai  thu  huyền  linh  là  ai
20190616111552-e028c217 op    C    I     C      C    C   C
20190616175317-1e78c1ca ref  hên   là   không  mắc  mưa   *** 
20190616175317-1e78c1ca hyp  ***  thời  không  mát  mưa  không
20190616175317-1e78c1ca >>>  ***  thời  không  mát  mưa  không
20190616175317-1e78c1ca op    D     S     C     S    C     I
20190616222149-80ce5779 ref  một  cộng  một  bằng  mấy
20190616222149-80ce5779 hyp  một  cộng  một  bằng  máy
20190616222149-80ce5779 >>>  một  cộng  một  bằng  máy
20190616222149-80ce5779 op    C     C    C     C    S
20190617101611-48df186e ref  ***  ***  báo  mới
20190617101611-48df186e hyp  gọi  cho  báo  mới
20190617101611-48df186e >>>  gọi  cho  báo  mới
20190617101611-48df186e op    I    I    C    C
20190617111221-ebc4c611 ref  hai  mươi  lăm  tháng  sau  là  thứ  mấy
20190617111221-ebc4c611 hyp  ***   hàm  năm  tháng  sau  là  thứ  mấy
20190617111221-ebc4c611 >>>  ***   hàm  năm  tháng  sau  là  thứ  mấy
20190617111221-ebc4c611 op    D     S    S     C     C    C   C    C
20190617114141-c7d38302 ref  mùng  hai  tháng  tám  năm  hai  không  hai  mươi
20190617114141-c7d38302 hyp  mùng  hai  tháng  tám  năm  hai  không  ***  mười
20190617114141-c7d38302 >>>  mùng  hai  tháng  tám  năm  hai  không  ***  mười
20190617114141-c7d38302 op     C    C     C     C    C    C     C     D     S
20190617130908-ee6b179f ref  ngày  hai  tháng  tám  năm  hai  không  hai  mươi
20190617130908-ee6b179f hyp  ngày  hai  tháng  tám  năm  hai  không  ***  mười
20190617130908-ee6b179f >>>  ngày  hai  tháng  tám  năm  hai  không  ***  mười
20190617130908-ee6b179f op     C    C     C     C    C    C     C     D     S
20190617130933-16c552f1 ref  rằm  tháng  tám  năm  hai  không  hai  mươi
20190617130933-16c552f1 hyp  rằm  tháng  tám  năm  hai  nghìn  hai  mươi
20190617130933-16c552f1 >>>  rằm  tháng  tám  năm  hai  nghìn  hai  mươi
20190617130933-16c552f1 op    C     C     C    C    C     S     C     C
20190617131007-71cbe9f9 ref  ngày  hai  tháng  tám  năm  hai  không  hai  mươi
20190617131007-71cbe9f9 hyp  ngày  hai  tháng  tám  năm  hai  nghìn  hai  mươi
20190617131007-71cbe9f9 >>>  ngày  hai  tháng  tám  năm  hai  nghìn  hai  mươi
20190617131007-71cbe9f9 op     C    C     C     C    C    C     S     C     C
20190617131013-e41dc9a3 ref  tháng  tám  năm  hai  không  hai  mươi
20190617131013-e41dc9a3 hyp  tháng  tám  năm  hai  nghìn  hai  mươi
20190617131013-e41dc9a3 >>>  tháng  tám  năm  hai  nghìn  hai  mươi
20190617131013-e41dc9a3 op     C     C    C    C     S     C     C
20190617131049-6c4d7b37 ref  bao  giờ  đến  tháng  tám  năm  hai   ngàn  không  trăm  hai  mươi
20190617131049-6c4d7b37 hyp  bao  giờ  đến  tháng  tám  năm  hai  nghìn  không  trăm  hai  mươi
20190617131049-6c4d7b37 >>>  bao  giờ  đến  tháng  tám  năm  hai  nghìn  không  trăm  hai  mươi
20190617131049-6c4d7b37 op    C    C    C     C     C    C    C     S      C      C    C     C
20190617131058-a1e3517d ref  ngày  hai  tháng  tám  năm  hai  không  hai  mươi
20190617131058-a1e3517d hyp  ngày  hai  tháng  tám  năm  hai  nghìn  hai  mươi
20190617131058-a1e3517d >>>  ngày  hai  tháng  tám  năm  hai  nghìn  hai  mươi
20190617131058-a1e3517d op     C    C     C     C    C    C     S     C     C
20190617173658-3b049c18 ref  mở  bài  người  lạ  ơi
20190617173658-3b049c18 hyp  mở  bài  người  là  gì
20190617173658-3b049c18 >>>  mở  bài  người  là  gì
20190617173658-3b049c18 op    C   C     C     S   S
20190617222732-2467dcce ref   ki   ơi   hai  trăm  cộng  hai  trăm  bằng  mấy
20190617222732-2467dcce hyp  ***  chơi  hai  trăm  cộng  hai  trăm  bằng  mấy
20190617222732-2467dcce >>>  ***  chơi  hai  trăm  cộng  hai  trăm  bằng  mấy
20190617222732-2467dcce op    D     S    C     C     C    C     C     C    C
20190617222755-59d6dbf8 ref  bạn  bao  nhiêu  tuổi
20190617222755-59d6dbf8 hyp  ban  bao  nhiêu  tuổi
20190617222755-59d6dbf8 >>>  ban  bao  nhiêu  tuổi
20190617222755-59d6dbf8 op    S    C     C      C
20190618091941-455f4625 ref   kể   chuyện  cười
20190618091941-455f4625 hyp  chơi  chuyện  cười
20190618091941-455f4625 >>>  chơi  chuyện  cười
20190618091941-455f4625 op     S      C      C
20190619212047-3d245958 ref   tf    boy  là  ai
20190619212047-3d245958 hyp  thời  tiết  là  ai
20190619212047-3d245958 >>>  thời  tiết  là  ai
20190619212047-3d245958 op     S     S    C   C
20190619212051-eec6fcf9 ref  tf  boys  là  ai
20190619212051-eec6fcf9 hyp  tf  boih  là  ai
20190619212051-eec6fcf9 >>>  tf  boih  là  ai
20190619212051-eec6fcf9 op    C    S    C   C
20190619212116-07bc1e08 ref  ts  boys  là  ai
20190619212116-07bc1e08 hyp  ts  boih  là  ai
20190619212116-07bc1e08 >>>  ts  boih  là  ai
20190619212116-07bc1e08 op    C    S    C   C
20190619212131-23be2ce7 ref  tf  boys  là  ai
20190619212131-23be2ce7 hyp  tf  boih  là  ai
20190619212131-23be2ce7 >>>  tf  boih  là  ai
20190619212131-23be2ce7 op    C    S    C   C
20190619212138-bb144459 ref  ***  tf  boys  là  ai
20190619212138-bb144459 hyp  chị   f  boih  là  ai
20190619212138-bb144459 >>>  chị  f  boih  là  ai
20190619212138-bb144459 op    I    S    S    C   C
20190619212143-8cb42eec ref  tf   boys  là  ai
20190619212143-8cb42eec hyp  vợ  apple  là  ai
20190619212143-8cb42eec >>>  vợ  apple  là  ai
20190619212143-8cb42eec op    S    S     C   C
20190619212203-f978c12c ref  quỷ  đỏ  là  ai
20190619212203-f978c12c hyp  quy  đỏ  là  ai
20190619212203-f978c12c >>>  quy  đỏ  là  ai
20190619212203-f978c12c op    S    C   C   C
20190619212346-865b98e7 ref  trà  mau  có  bao  nhiêu  dân
20190619212346-865b98e7 hyp   cà  mau  có  bao  nhiêu  dân
20190619212346-865b98e7 >>>  cà  mau  có  bao  nhiêu  dân
20190619212346-865b98e7 op    S    C    C   C     C     C
20190619223417-c9a0a986 ref  gửi  tin  nhắn  cho  đàm  bá  quyền
20190619223417-c9a0a986 hyp  gửi  tin  nhắn  cho  đàm  bá  huyền
20190619223417-c9a0a986 >>>  gửi  tin  nhắn  cho  đàm  bá  huyền
20190619223417-c9a0a986 op    C    C     C    C    C    C    S
20190619223432-ccdc0f9b ref  gửi  tin  nhắn  zalo  cho  đàm  bá  quyền
20190619223432-ccdc0f9b hyp  gửi  tin  nhắn  zalo  cho  đàm  bá  huyền
20190619223432-ccdc0f9b >>>  gửi  tin  nhắn  zalo  cho  đàm  bá  huyền
20190619223432-ccdc0f9b op    C    C     C     C    C    C    C    S
20190619234132-6b950641 ref  kim  nhật  thành  là  ai
20190619234132-6b950641 hyp  kim   ***  thành  là  ai
20190619234132-6b950641 >>>  kim   ***  thành  là  ai
20190619234132-6b950641 op    C     D     C     C   C
20190619234141-8fac8b4b ref  kim   nhật  thành  là  ai
20190619234141-8fac8b4b hyp  kim  nhiệt   hạch  là  ai
20190619234141-8fac8b4b >>>  kim  nhiệt  hạch  là  ai
20190619234141-8fac8b4b op    C     S      S     C   C
